d:\project\pbd\x64\debug\vc143.pdb
d:\project\pbd\x64\debug\vc143.idb
d:\project\pbd\x64\debug\glad.obj
d:\project\pbd\x64\debug\shader.obj
d:\project\pbd\x64\debug\pdb.obj
d:\project\pbd\x64\debug\graphics.obj
d:\project\pbd\x64\debug\texturegen.obj
d:\project\pbd\x64\debug\pbdsolver.ilk
d:\project\pbd\x64\debug\pbdsolver.exe
d:\project\pbd\x64\debug\pbdsolver.pdb
d:\project\pbd\x64\debug\gui.obj
d:\project\pbd\x64\debug\main.obj
d:\project\pbd\x64\debug\textureread.obj
d:\project\pbd\x64\debug\vc142.idb
d:\project\pbd\x64\debug\vc142.pdb
d:\project\pbd\x64\debug\pbdsolver.tlog\cl.command.1.tlog
d:\project\pbd\x64\debug\pbdsolver.tlog\cl.items.tlog
d:\project\pbd\x64\debug\pbdsolver.tlog\cl.read.1.tlog
d:\project\pbd\x64\debug\pbdsolver.tlog\cl.write.1.tlog
d:\project\pbd\x64\debug\pbdsolver.tlog\link-cvtres.read.1.tlog
d:\project\pbd\x64\debug\pbdsolver.tlog\link-cvtres.write.1.tlog
d:\project\pbd\x64\debug\pbdsolver.tlog\link-rc.read.1.tlog
d:\project\pbd\x64\debug\pbdsolver.tlog\link-rc.write.1.tlog
d:\project\pbd\x64\debug\pbdsolver.tlog\link.8760-cvtres.read.1.tlog
d:\project\pbd\x64\debug\pbdsolver.tlog\link.8760-cvtres.write.1.tlog
d:\project\pbd\x64\debug\pbdsolver.tlog\link.8760-rc.read.1.tlog
d:\project\pbd\x64\debug\pbdsolver.tlog\link.8760-rc.write.1.tlog
d:\project\pbd\x64\debug\pbdsolver.tlog\link.8760.read.1.tlog
d:\project\pbd\x64\debug\pbdsolver.tlog\link.8760.read.2.tlog
d:\project\pbd\x64\debug\pbdsolver.tlog\link.8760.write.1.tlog
d:\project\pbd\x64\debug\pbdsolver.tlog\link.command.1.tlog
d:\project\pbd\x64\debug\pbdsolver.tlog\link.read.1.tlog
d:\project\pbd\x64\debug\pbdsolver.tlog\link.read.2.tlog
d:\project\pbd\x64\debug\pbdsolver.tlog\link.read.3.tlog
d:\project\pbd\x64\debug\pbdsolver.tlog\link.write.1.tlog
